<?xml version="1.0" encoding="utf-8"?>
<!DOCTYPE coverage SYSTEM "http://cobertura.sourceforge.net/xml/coverage-04.dtd">
<coverage line-rate="0.985330073349633" branch-rate="1" lines-covered="403" lines-valid="409" branches-covered="42" branches-valid="42" complexity="92" version="0" timestamp="1772630696">
  <sources />
  <packages>
    <package name="LandscapeDesign.Core" line-rate="0.950413223140496" branch-rate="1" complexity="65">
      <classes>
        <class name="LandscapeDesign.Core.LandscapeCostCalculator" filename="D:\Uni\software testin'\lab2\LandscapeDesign.Core\LandscapeDesign.Core\LandscapeCostCalculator.cs" line-rate="1" branch-rate="1" complexity="35">
          <methods>
            <method name=".ctor" signature="(...)" line-rate="1" branch-rate="1" complexity="6">
              <lines>
                <line number="60" hits="1" branch="false" />
                <line number="61" hits="1" branch="false" />
                <line number="62" hits="1" branch="false" />
                <line number="63" hits="1" branch="false" />
                <line number="64" hits="1" branch="false" />
                <line number="65" hits="1" branch="true" condition-coverage="100% (2/2)" />
                <line number="66" hits="1" branch="true" condition-coverage="100% (2/2)" />
                <line number="67" hits="1" branch="true" condition-coverage="100% (2/2)" />
                <line number="68" hits="1" branch="false" />
              </lines>
            </method>
            <method name="CalculateEstimate" signature="(...)" line-rate="1" branch-rate="1" complexity="6">
              <lines>
                <line number="76" hits="1" branch="false" />
                <line number="77" hits="1" branch="false" />
                <line number="80" hits="1" branch="false" />
                <line number="81" hits="1" branch="false" />
                <line number="82" hits="1" branch="false" />
                <line number="83" hits="1" branch="false" />
                <line number="86" hits="1" branch="false" />
                <line number="87" hits="1" branch="true" condition-coverage="100% (2/2)" />
                <line number="88" hits="1" branch="false" />
                <line number="89" hits="1" branch="true" condition-coverage="100% (2/2)" />
                <line number="90" hits="1" branch="false" />
                <line number="91" hits="1" branch="false" />
                <line number="92" hits="1" branch="false" />
                <line number="95" hits="1" branch="false" />
                <line number="96" hits="1" branch="true" condition-coverage="100% (2/2)" />
                <line number="97" hits="1" branch="false" />
                <line number="99" hits="1" branch="false" />
                <line number="100" hits="1" branch="false" />
                <line number="101" hits="1" branch="false" />
                <line number="104" hits="1" branch="false" />
                <line number="105" hits="1" branch="false" />
                <line number="107" hits="1" branch="false" />
                <line number="108" hits="1" branch="false" />
                <line number="109" hits="1" branch="false" />
                <line number="110" hits="1" branch="false" />
                <line number="111" hits="1" branch="false" />
                <line number="112" hits="1" branch="false" />
                <line number="113" hits="1" branch="false" />
                <line number="114" hits="1" branch="false" />
                <line number="115" hits="1" branch="false" />
              </lines>
            </method>
            <method name="ValidateRequest" signature="(...)" line-rate="1" branch-rate="1" complexity="22">
              <lines>
                <line number="118" hits="1" branch="false" />
                <line number="119" hits="1" branch="true" condition-coverage="100% (2/2)" />
                <line number="120" hits="1" branch="false" />
                <line number="123" hits="1" branch="true" condition-coverage="100% (2/2)" />
                <line number="124" hits="1" branch="false" />
                <line number="125" hits="1" branch="true" condition-coverage="100% (2/2)" />
                <line number="126" hits="1" branch="false" />
                <line number="129" hits="1" branch="true" condition-coverage="100% (4/4)" />
                <line number="130" hits="1" branch="false" />
                <line number="133" hits="1" branch="true" condition-coverage="100% (2/2)" />
                <line number="134" hits="1" branch="false" />
                <line number="137" hits="1" branch="true" condition-coverage="100% (2/2)" />
                <line number="138" hits="1" branch="false" />
                <line number="139" hits="1" branch="true" condition-coverage="100% (2/2)" />
                <line number="140" hits="1" branch="false" />
                <line number="143" hits="1" branch="true" condition-coverage="100% (2/2)" />
                <line number="144" hits="1" branch="false" />
                <line number="147" hits="1" branch="true" condition-coverage="100% (2/2)" />
                <line number="148" hits="1" branch="false" />
                <line number="149" hits="1" branch="true" condition-coverage="100% (2/2)" />
                <line number="150" hits="1" branch="false" />
                <line number="151" hits="1" branch="false" />
              </lines>
            </method>
            <method name=".cctor" signature="()" line-rate="1" branch-rate="1" complexity="1">
              <lines>
                <line number="17" hits="1" branch="false" />
                <line number="18" hits="1" branch="false" />
                <line number="19" hits="1" branch="false" />
                <line number="20" hits="1" branch="false" />
                <line number="21" hits="1" branch="false" />
                <line number="22" hits="1" branch="false" />
                <line number="23" hits="1" branch="false" />
                <line number="26" hits="1" branch="false" />
                <line number="27" hits="1" branch="false" />
                <line number="28" hits="1" branch="false" />
                <line number="29" hits="1" branch="false" />
                <line number="30" hits="1" branch="false" />
                <line number="31" hits="1" branch="false" />
                <line number="34" hits="1" branch="false" />
                <line number="35" hits="1" branch="false" />
                <line number="36" hits="1" branch="false" />
                <line number="37" hits="1" branch="false" />
                <line number="38" hits="1" branch="false" />
                <line number="39" hits="1" branch="false" />
                <line number="40" hits="1" branch="false" />
                <line number="43" hits="1" branch="false" />
                <line number="44" hits="1" branch="false" />
                <line number="45" hits="1" branch="false" />
                <line number="46" hits="1" branch="false" />
                <line number="47" hits="1" branch="false" />
                <line number="48" hits="1" branch="false" />
                <line number="49" hits="1" branch="false" />
                <line number="52" hits="1" branch="false" />
                <line number="53" hits="1" branch="false" />
                <line number="54" hits="1" branch="false" />
                <line number="55" hits="1" branch="false" />
                <line number="56" hits="1" branch="false" />
                <line number="57" hits="1" branch="false" />
                <line number="58" hits="1" branch="false" />
              </lines>
            </method>
          </methods>
          <lines>
            <line number="17" hits="1" branch="false" />
            <line number="18" hits="1" branch="false" />
            <line number="19" hits="1" branch="false" />
            <line number="20" hits="1" branch="false" />
            <line number="21" hits="1" branch="false" />
            <line number="22" hits="1" branch="false" />
            <line number="23" hits="1" branch="false" />
            <line number="26" hits="1" branch="false" />
            <line number="27" hits="1" branch="false" />
            <line number="28" hits="1" branch="false" />
            <line number="29" hits="1" branch="false" />
            <line number="30" hits="1" branch="false" />
            <line number="31" hits="1" branch="false" />
            <line number="34" hits="1" branch="false" />
            <line number="35" hits="1" branch="false" />
            <line number="36" hits="1" branch="false" />
            <line number="37" hits="1" branch="false" />
            <line number="38" hits="1" branch="false" />
            <line number="39" hits="1" branch="false" />
            <line number="40" hits="1" branch="false" />
            <line number="43" hits="1" branch="false" />
            <line number="44" hits="1" branch="false" />
            <line number="45" hits="1" branch="false" />
            <line number="46" hits="1" branch="false" />
            <line number="47" hits="1" branch="false" />
            <line number="48" hits="1" branch="false" />
            <line number="49" hits="1" branch="false" />
            <line number="52" hits="1" branch="false" />
            <line number="53" hits="1" branch="false" />
            <line number="54" hits="1" branch="false" />
            <line number="55" hits="1" branch="false" />
            <line number="56" hits="1" branch="false" />
            <line number="57" hits="1" branch="false" />
            <line number="58" hits="1" branch="false" />
            <line number="60" hits="1" branch="false" />
            <line number="61" hits="1" branch="false" />
            <line number="62" hits="1" branch="false" />
            <line number="63" hits="1" branch="false" />
            <line number="64" hits="1" branch="false" />
            <line number="65" hits="1" branch="true" condition-coverage="100% (2/2)" />
            <line number="66" hits="1" branch="true" condition-coverage="100% (2/2)" />
            <line number="67" hits="1" branch="true" condition-coverage="100% (2/2)" />
            <line number="68" hits="1" branch="false" />
            <line number="76" hits="1" branch="false" />
            <line number="77" hits="1" branch="false" />
            <line number="80" hits="1" branch="false" />
            <line number="81" hits="1" branch="false" />
            <line number="82" hits="1" branch="false" />
            <line number="83" hits="1" branch="false" />
            <line number="86" hits="1" branch="false" />
            <line number="87" hits="1" branch="true" condition-coverage="100% (2/2)" />
            <line number="88" hits="1" branch="false" />
            <line number="89" hits="1" branch="true" condition-coverage="100% (2/2)" />
            <line number="90" hits="1" branch="false" />
            <line number="91" hits="1" branch="false" />
            <line number="92" hits="1" branch="false" />
            <line number="95" hits="1" branch="false" />
            <line number="96" hits="1" branch="true" condition-coverage="100% (2/2)" />
            <line number="97" hits="1" branch="false" />
            <line number="99" hits="1" branch="false" />
            <line number="100" hits="1" branch="false" />
            <line number="101" hits="1" branch="false" />
            <line number="104" hits="1" branch="false" />
            <line number="105" hits="1" branch="false" />
            <line number="107" hits="1" branch="false" />
            <line number="108" hits="1" branch="false" />
            <line number="109" hits="1" branch="false" />
            <line number="110" hits="1" branch="false" />
            <line number="111" hits="1" branch="false" />
            <line number="112" hits="1" branch="false" />
            <line number="113" hits="1" branch="false" />
            <line number="114" hits="1" branch="false" />
            <line number="115" hits="1" branch="false" />
            <line number="118" hits="1" branch="false" />
            <line number="119" hits="1" branch="true" condition-coverage="100% (2/2)" />
            <line number="120" hits="1" branch="false" />
            <line number="123" hits="1" branch="true" condition-coverage="100% (2/2)" />
            <line number="124" hits="1" branch="false" />
            <line number="125" hits="1" branch="true" condition-coverage="100% (2/2)" />
            <line number="126" hits="1" branch="false" />
            <line number="129" hits="1" branch="true" condition-coverage="100% (4/4)" />
            <line number="130" hits="1" branch="false" />
            <line number="133" hits="1" branch="true" condition-coverage="100% (2/2)" />
            <line number="134" hits="1" branch="false" />
            <line number="137" hits="1" branch="true" condition-coverage="100% (2/2)" />
            <line number="138" hits="1" branch="false" />
            <line number="139" hits="1" branch="true" condition-coverage="100% (2/2)" />
            <line number="140" hits="1" branch="false" />
            <line number="143" hits="1" branch="true" condition-coverage="100% (2/2)" />
            <line number="144" hits="1" branch="false" />
            <line number="147" hits="1" branch="true" condition-coverage="100% (2/2)" />
            <line number="148" hits="1" branch="false" />
            <line number="149" hits="1" branch="true" condition-coverage="100% (2/2)" />
            <line number="150" hits="1" branch="false" />
            <line number="151" hits="1" branch="false" />
          </lines>
        </class>
        <class name="LandscapeDesign.Core.Models.LandscapeProjectRequest" filename="D:\Uni\software testin'\lab2\LandscapeDesign.Core\LandscapeDesign.Core\Models\LandscapeProjectRequest.cs" line-rate="1" branch-rate="1" complexity="14">
          <methods>
            <method name="get_PlotType" signature="()" line-rate="1" branch-rate="1" complexity="1">
              <lines>
                <line number="15" hits="1" branch="false" />
              </lines>
            </method>
            <method name="set_PlotType" signature="(...)" line-rate="1" branch-rate="1" complexity="1">
              <lines>
                <line number="15" hits="1" branch="false" />
              </lines>
            </method>
            <method name="get_Area" signature="()" line-rate="1" branch-rate="1" complexity="1">
              <lines>
                <line number="16" hits="1" branch="false" />
              </lines>
            </method>
            <method name="set_Area" signature="(...)" line-rate="1" branch-rate="1" complexity="1">
              <lines>
                <line number="16" hits="1" branch="false" />
              </lines>
            </method>
            <method name="get_SoilComplexity" signature="()" line-rate="1" branch-rate="1" complexity="1">
              <lines>
                <line number="17" hits="1" branch="false" />
              </lines>
            </method>
            <method name="set_SoilComplexity" signature="(...)" line-rate="1" branch-rate="1" complexity="1">
              <lines>
                <line number="17" hits="1" branch="false" />
              </lines>
            </method>
            <method name="get_Style" signature="()" line-rate="1" branch-rate="1" complexity="1">
              <lines>
                <line number="18" hits="1" branch="false" />
              </lines>
            </method>
            <method name="set_Style" signature="(...)" line-rate="1" branch-rate="1" complexity="1">
              <lines>
                <line number="18" hits="1" branch="false" />
              </lines>
            </method>
            <method name="get_RequiresIrrigation" signature="()" line-rate="1" branch-rate="1" complexity="1">
              <lines>
                <line number="19" hits="1" branch="false" />
              </lines>
            </method>
            <method name="set_RequiresIrrigation" signature="(...)" line-rate="1" branch-rate="1" complexity="1">
              <lines>
                <line number="19" hits="1" branch="false" />
              </lines>
            </method>
            <method name="get_PlantCategories" signature="()" line-rate="1" branch-rate="1" complexity="1">
              <lines>
                <line number="20" hits="1" branch="false" />
              </lines>
            </method>
            <method name="set_PlantCategories" signature="(...)" line-rate="1" branch-rate="1" complexity="1">
              <lines>
                <line number="20" hits="1" branch="false" />
              </lines>
            </method>
            <method name="get_Season" signature="()" line-rate="1" branch-rate="1" complexity="1">
              <lines>
                <line number="21" hits="1" branch="false" />
              </lines>
            </method>
            <method name="set_Season" signature="(...)" line-rate="1" branch-rate="1" complexity="1">
              <lines>
                <line number="21" hits="1" branch="false" />
              </lines>
            </method>
          </methods>
          <lines>
            <line number="15" hits="1" branch="false" />
            <line number="16" hits="1" branch="false" />
            <line number="17" hits="1" branch="false" />
            <line number="18" hits="1" branch="false" />
            <line number="19" hits="1" branch="false" />
            <line number="20" hits="1" branch="false" />
            <line number="21" hits="1" branch="false" />
          </lines>
        </class>
        <class name="LandscapeDesign.Core.Models.LandscapeQuote" filename="D:\Uni\software testin'\lab2\LandscapeDesign.Core\LandscapeDesign.Core\Models\LandscapeQuote.cs" line-rate="1" branch-rate="1" complexity="10">
          <methods>
            <method name="get_WorkCost" signature="()" line-rate="1" branch-rate="1" complexity="1">
              <lines>
                <line number="14" hits="1" branch="false" />
              </lines>
            </method>
            <method name="set_WorkCost" signature="(...)" line-rate="1" branch-rate="1" complexity="1">
              <lines>
                <line number="14" hits="1" branch="false" />
              </lines>
            </method>
            <method name="get_GreeneryCost" signature="()" line-rate="1" branch-rate="1" complexity="1">
              <lines>
                <line number="15" hits="1" branch="false" />
              </lines>
            </method>
            <method name="set_GreeneryCost" signature="(...)" line-rate="1" branch-rate="1" complexity="1">
              <lines>
                <line number="15" hits="1" branch="false" />
              </lines>
            </method>
            <method name="get_IrrigationCost" signature="()" line-rate="1" branch-rate="1" complexity="1">
              <lines>
                <line number="16" hits="1" branch="false" />
              </lines>
            </method>
            <method name="set_IrrigationCost" signature="(...)" line-rate="1" branch-rate="1" complexity="1">
              <lines>
                <line number="16" hits="1" branch="false" />
              </lines>
            </method>
            <method name="get_SeasonalFactor" signature="()" line-rate="1" branch-rate="1" complexity="1">
              <lines>
                <line number="17" hits="1" branch="false" />
              </lines>
            </method>
            <method name="set_SeasonalFactor" signature="(...)" line-rate="1" branch-rate="1" complexity="1">
              <lines>
                <line number="17" hits="1" branch="false" />
              </lines>
            </method>
            <method name="get_TotalCost" signature="()" line-rate="1" branch-rate="1" complexity="1">
              <lines>
                <line number="18" hits="1" branch="false" />
              </lines>
            </method>
            <method name="set_TotalCost" signature="(...)" line-rate="1" branch-rate="1" complexity="1">
              <lines>
                <line number="18" hits="1" branch="false" />
              </lines>
            </method>
          </methods>
          <lines>
            <line number="14" hits="1" branch="false" />
            <line number="15" hits="1" branch="false" />
            <line number="16" hits="1" branch="false" />
            <line number="17" hits="1" branch="false" />
            <line number="18" hits="1" branch="false" />
          </lines>
        </class>
        <class name="LandscapeDesign.Core.Services.AlwaysAvailablePlantsChecker" filename="D:\Uni\software testin'\lab2\LandscapeDesign.Core\LandscapeDesign.Core\Services\AlwaysAvailablePlantsChecker.cs" line-rate="0" branch-rate="1" complexity="1">
          <methods>
            <method name="ArePlantsAvailable" signature="(...)" line-rate="0" branch-rate="1" complexity="1">
              <lines>
                <line number="16" hits="0" branch="false" />
                <line number="17" hits="0" branch="false" />
                <line number="18" hits="0" branch="false" />
              </lines>
            </method>
          </methods>
          <lines>
            <line number="16" hits="0" branch="false" />
            <line number="17" hits="0" branch="false" />
            <line number="18" hits="0" branch="false" />
          </lines>
        </class>
        <class name="LandscapeDesign.Core.Services.FixedClimateZoneService" filename="D:\Uni\software testin'\lab2\LandscapeDesign.Core\LandscapeDesign.Core\Services\FixedClimateZoneService.cs" line-rate="0" branch-rate="1" complexity="1">
          <methods>
            <method name="GetClimateZone" signature="(...)" line-rate="0" branch-rate="1" complexity="1">
              <lines>
                <line number="16" hits="0" branch="false" />
                <line number="17" hits="0" branch="false" />
                <line number="18" hits="0" branch="false" />
              </lines>
            </method>
          </methods>
          <lines>
            <line number="16" hits="0" branch="false" />
            <line number="17" hits="0" branch="false" />
            <line number="18" hits="0" branch="false" />
          </lines>
        </class>
        <class name="LandscapeDesign.Core.Services.FixedIrrigationService" filename="D:\Uni\software testin'\lab2\LandscapeDesign.Core\LandscapeDesign.Core\Services\FixedIrrigationService.cs" line-rate="1" branch-rate="1" complexity="4">
          <methods>
            <method name="GetCustomIrrigationQuote" signature="(...)" line-rate="1" branch-rate="1" complexity="4">
              <lines>
                <line number="20" hits="1" branch="false" />
                <line number="22" hits="1" branch="true" condition-coverage="100% (2/2)" />
                <line number="23" hits="1" branch="false" />
                <line number="26" hits="1" branch="true" condition-coverage="100% (2/2)" />
                <line number="27" hits="1" branch="false" />
                <line number="29" hits="1" branch="false" />
                <line number="31" hits="1" branch="false" />
                <line number="32" hits="1" branch="false" />
              </lines>
            </method>
          </methods>
          <lines>
            <line number="20" hits="1" branch="false" />
            <line number="22" hits="1" branch="true" condition-coverage="100% (2/2)" />
            <line number="23" hits="1" branch="false" />
            <line number="26" hits="1" branch="true" condition-coverage="100% (2/2)" />
            <line number="27" hits="1" branch="false" />
            <line number="29" hits="1" branch="false" />
            <line number="31" hits="1" branch="false" />
            <line number="32" hits="1" branch="false" />
          </lines>
        </class>
      </classes>
    </package>
    <package name="LandscapeDesign.Core.Tests" line-rate="1" branch-rate="1" complexity="27">
      <classes>
        <class name="LandscapeDesign.Core.Tests.FixedIrrigationServiceTests" filename="D:\Uni\software testin'\lab2\LandscapeDesign.Core\LandscapeDesign.Core.Tests\FixedIrrigationServiceTests.cs" line-rate="1" branch-rate="1" complexity="3">
          <methods>
            <method name="GetCustomIrrigationQuote_ValidArea_ReturnsCorrectCost" signature="(...)" line-rate="1" branch-rate="1" complexity="1">
              <lines>
                <line number="24" hits="1" branch="false" />
                <line number="26" hits="1" branch="false" />
                <line number="29" hits="1" branch="false" />
                <line number="30" hits="1" branch="false" />
              </lines>
            </method>
            <method name="GetCustomIrrigationQuote_NegativeArea_ThrowsArgumentOutOfRangeException" signature="()" line-rate="1" branch-rate="1" complexity="1">
              <lines>
                <line number="34" hits="1" branch="false" />
                <line number="36" hits="1" branch="false" />
                <line number="37" hits="1" branch="false" />
              </lines>
            </method>
            <method name=".ctor" signature="()" line-rate="1" branch-rate="1" complexity="1">
              <lines>
                <line number="14" hits="1" branch="false" />
              </lines>
            </method>
          </methods>
          <lines>
            <line number="14" hits="1" branch="false" />
            <line number="24" hits="1" branch="false" />
            <line number="26" hits="1" branch="false" />
            <line number="29" hits="1" branch="false" />
            <line number="30" hits="1" branch="false" />
            <line number="34" hits="1" branch="false" />
            <line number="36" hits="1" branch="false" />
            <line number="37" hits="1" branch="false" />
          </lines>
        </class>
        <class name="LandscapeDesign.Core.Tests.LandscapeCostCalculatorTests" filename="D:\Uni\software testin'\lab2\LandscapeDesign.Core\LandscapeDesign.Core.Tests\LandscapeCostCalculatorTests.cs" line-rate="1" branch-rate="1" complexity="24">
          <methods>
            <method name=".ctor" signature="()" line-rate="1" branch-rate="1" complexity="1">
              <lines>
                <line number="19" hits="1" branch="false" />
                <line number="20" hits="1" branch="false" />
                <line number="21" hits="1" branch="false" />
                <line number="22" hits="1" branch="false" />
                <line number="23" hits="1" branch="false" />
                <line number="25" hits="1" branch="false" />
                <line number="26" hits="1" branch="false" />
                <line number="27" hits="1" branch="false" />
                <line number="28" hits="1" branch="false" />
                <line number="29" hits="1" branch="false" />
              </lines>
            </method>
            <method name="CalculateEstimate_ValidRequest_ReturnsCorrectWorkCost" signature="()" line-rate="1" branch-rate="1" complexity="1">
              <lines>
                <line number="33" hits="1" branch="false" />
                <line number="35" hits="1" branch="false" />
                <line number="36" hits="1" branch="false" />
                <line number="37" hits="1" branch="false" />
                <line number="38" hits="1" branch="false" />
                <line number="39" hits="1" branch="false" />
                <line number="40" hits="1" branch="false" />
                <line number="41" hits="1" branch="false" />
                <line number="42" hits="1" branch="false" />
                <line number="43" hits="1" branch="false" />
                <line number="44" hits="1" branch="false" />
                <line number="47" hits="1" branch="false" />
                <line number="50" hits="1" branch="false" />
                <line number="51" hits="1" branch="false" />
                <line number="52" hits="1" branch="false" />
                <line number="53" hits="1" branch="false" />
                <line number="54" hits="1" branch="false" />
                <line number="55" hits="1" branch="false" />
              </lines>
            </method>
            <method name="CalculateEstimate_VariousValidInputs_ComputesWorkCorrectly" signature="(...)" line-rate="1" branch-rate="1" complexity="1">
              <lines>
                <line number="63" hits="1" branch="false" />
                <line number="65" hits="1" branch="false" />
                <line number="66" hits="1" branch="false" />
                <line number="67" hits="1" branch="false" />
                <line number="68" hits="1" branch="false" />
                <line number="69" hits="1" branch="false" />
                <line number="70" hits="1" branch="false" />
                <line number="71" hits="1" branch="false" />
                <line number="72" hits="1" branch="false" />
                <line number="73" hits="1" branch="false" />
                <line number="74" hits="1" branch="false" />
                <line number="77" hits="1" branch="false" />
                <line number="80" hits="1" branch="false" />
                <line number="81" hits="1" branch="false" />
              </lines>
            </method>
            <method name="CalculateEstimate_AreaOutOfRange_ThrowsArgumentOutOfRangeException" signature="(...)" line-rate="1" branch-rate="1" complexity="1">
              <lines>
                <line number="87" hits="1" branch="false" />
                <line number="89" hits="1" branch="false" />
                <line number="90" hits="1" branch="false" />
                <line number="91" hits="1" branch="false" />
                <line number="92" hits="1" branch="false" />
                <line number="93" hits="1" branch="false" />
                <line number="94" hits="1" branch="false" />
                <line number="95" hits="1" branch="false" />
                <line number="96" hits="1" branch="false" />
                <line number="97" hits="1" branch="false" />
                <line number="98" hits="1" branch="false" />
                <line number="101" hits="1" branch="false" />
                <line number="102" hits="1" branch="false" />
              </lines>
            </method>
            <method name="CalculateEstimate_InvalidPlotType_ThrowsArgumentException" signature="(...)" line-rate="1" branch-rate="1" complexity="1">
              <lines>
                <line number="109" hits="1" branch="false" />
                <line number="111" hits="1" branch="false" />
                <line number="112" hits="1" branch="false" />
                <line number="113" hits="1" branch="false" />
                <line number="114" hits="1" branch="false" />
                <line number="115" hits="1" branch="false" />
                <line number="116" hits="1" branch="false" />
                <line number="117" hits="1" branch="false" />
                <line number="118" hits="1" branch="false" />
                <line number="119" hits="1" branch="false" />
                <line number="120" hits="1" branch="false" />
                <line number="123" hits="1" branch="false" />
                <line number="124" hits="1" branch="false" />
              </lines>
            </method>
            <method name="CalculateEstimate_InvalidStyle_ThrowsArgumentException" signature="(...)" line-rate="1" branch-rate="1" complexity="1">
              <lines>
                <line number="131" hits="1" branch="false" />
                <line number="133" hits="1" branch="false" />
                <line number="134" hits="1" branch="false" />
                <line number="135" hits="1" branch="false" />
                <line number="136" hits="1" branch="false" />
                <line number="137" hits="1" branch="false" />
                <line number="138" hits="1" branch="false" />
                <line number="139" hits="1" branch="false" />
                <line number="140" hits="1" branch="false" />
                <line number="141" hits="1" branch="false" />
                <line number="142" hits="1" branch="false" />
                <line number="145" hits="1" branch="false" />
                <line number="146" hits="1" branch="false" />
              </lines>
            </method>
            <method name="CalculateEstimate_InvalidSeason_ThrowsArgumentException" signature="(...)" line-rate="1" branch-rate="1" complexity="1">
              <lines>
                <line number="153" hits="1" branch="false" />
                <line number="155" hits="1" branch="false" />
                <line number="156" hits="1" branch="false" />
                <line number="157" hits="1" branch="false" />
                <line number="158" hits="1" branch="false" />
                <line number="159" hits="1" branch="false" />
                <line number="160" hits="1" branch="false" />
                <line number="161" hits="1" branch="false" />
                <line number="162" hits="1" branch="false" />
                <line number="163" hits="1" branch="false" />
                <line number="164" hits="1" branch="false" />
                <line number="167" hits="1" branch="false" />
                <line number="168" hits="1" branch="false" />
              </lines>
            </method>
            <method name="CalculateEstimate_JapaneseStyle_AppliesCoefficient1_8" signature="()" line-rate="1" branch-rate="1" complexity="1">
              <lines>
                <line number="172" hits="1" branch="false" />
                <line number="174" hits="1" branch="false" />
                <line number="175" hits="1" branch="false" />
                <line number="176" hits="1" branch="false" />
                <line number="177" hits="1" branch="false" />
                <line number="178" hits="1" branch="false" />
                <line number="179" hits="1" branch="false" />
                <line number="180" hits="1" branch="false" />
                <line number="181" hits="1" branch="false" />
                <line number="182" hits="1" branch="false" />
                <line number="183" hits="1" branch="false" />
                <line number="184" hits="1" branch="false" />
                <line number="187" hits="1" branch="false" />
                <line number="190" hits="1" branch="false" />
                <line number="191" hits="1" branch="false" />
              </lines>
            </method>
            <method name="CalculateEstimate_WinterSeason_AppliesFactor1_4" signature="()" line-rate="1" branch-rate="1" complexity="1">
              <lines>
                <line number="195" hits="1" branch="false" />
                <line number="197" hits="1" branch="false" />
                <line number="198" hits="1" branch="false" />
                <line number="199" hits="1" branch="false" />
                <line number="200" hits="1" branch="false" />
                <line number="201" hits="1" branch="false" />
                <line number="202" hits="1" branch="false" />
                <line number="203" hits="1" branch="false" />
                <line number="204" hits="1" branch="false" />
                <line number="205" hits="1" branch="false" />
                <line number="206" hits="1" branch="false" />
                <line number="207" hits="1" branch="false" />
                <line number="210" hits="1" branch="false" />
                <line number="213" hits="1" branch="false" />
                <line number="214" hits="1" branch="false" />
              </lines>
            </method>
            <method name="CalculateEstimate_OnePlantCategory_AddsCorrectCost" signature="()" line-rate="1" branch-rate="1" complexity="1">
              <lines>
                <line number="218" hits="1" branch="false" />
                <line number="220" hits="1" branch="false" />
                <line number="221" hits="1" branch="false" />
                <line number="222" hits="1" branch="false" />
                <line number="223" hits="1" branch="false" />
                <line number="224" hits="1" branch="false" />
                <line number="225" hits="1" branch="false" />
                <line number="226" hits="1" branch="false" />
                <line number="227" hits="1" branch="false" />
                <line number="228" hits="1" branch="false" />
                <line number="229" hits="1" branch="false" />
                <line number="230" hits="1" branch="false" />
                <line number="231" hits="1" branch="false" />
                <line number="234" hits="1" branch="false" />
                <line number="237" hits="1" branch="false" />
                <line number="238" hits="1" branch="false" />
                <line number="239" hits="1" branch="false" />
              </lines>
            </method>
            <method name="CalculateEstimate_MultiplePlantCategories_SumsCosts" signature="()" line-rate="1" branch-rate="1" complexity="1">
              <lines>
                <line number="243" hits="1" branch="false" />
                <line number="245" hits="1" branch="false" />
                <line number="246" hits="1" branch="false" />
                <line number="247" hits="1" branch="false" />
                <line number="248" hits="1" branch="false" />
                <line number="249" hits="1" branch="false" />
                <line number="250" hits="1" branch="false" />
                <line number="251" hits="1" branch="false" />
                <line number="252" hits="1" branch="false" />
                <line number="253" hits="1" branch="false" />
                <line number="254" hits="1" branch="false" />
                <line number="255" hits="1" branch="false" />
                <line number="256" hits="1" branch="false" />
                <line number="259" hits="1" branch="false" />
                <line number="262" hits="1" branch="false" />
                <line number="263" hits="1" branch="false" />
                <line number="264" hits="1" branch="false" />
              </lines>
            </method>
            <method name="CalculateEstimate_DuplicatePlantCategories_AddsEach" signature="()" line-rate="1" branch-rate="1" complexity="1">
              <lines>
                <line number="268" hits="1" branch="false" />
                <line number="270" hits="1" branch="false" />
                <line number="271" hits="1" branch="false" />
                <line number="272" hits="1" branch="false" />
                <line number="273" hits="1" branch="false" />
                <line number="274" hits="1" branch="false" />
                <line number="275" hits="1" branch="false" />
                <line number="276" hits="1" branch="false" />
                <line number="277" hits="1" branch="false" />
                <line number="278" hits="1" branch="false" />
                <line number="279" hits="1" branch="false" />
                <line number="280" hits="1" branch="false" />
                <line number="281" hits="1" branch="false" />
                <line number="284" hits="1" branch="false" />
                <line number="287" hits="1" branch="false" />
                <line number="288" hits="1" branch="false" />
                <line number="289" hits="1" branch="false" />
              </lines>
            </method>
            <method name="CalculateEstimate_EmptyPlantCategories_ZeroGreeneryCost" signature="()" line-rate="1" branch-rate="1" complexity="1">
              <lines>
                <line number="293" hits="1" branch="false" />
                <line number="295" hits="1" branch="false" />
                <line number="296" hits="1" branch="false" />
                <line number="297" hits="1" branch="false" />
                <line number="298" hits="1" branch="false" />
                <line number="299" hits="1" branch="false" />
                <line number="300" hits="1" branch="false" />
                <line number="301" hits="1" branch="false" />
                <line number="302" hits="1" branch="false" />
                <line number="303" hits="1" branch="false" />
                <line number="304" hits="1" branch="false" />
                <line number="307" hits="1" branch="false" />
                <line number="310" hits="1" branch="false" />
                <line number="311" hits="1" branch="false" />
              </lines>
            </method>
            <method name="CalculateEstimate_NullPlantCategories_TreatedAsEmpty" signature="()" line-rate="1" branch-rate="1" complexity="1">
              <lines>
                <line number="315" hits="1" branch="false" />
                <line number="317" hits="1" branch="false" />
                <line number="318" hits="1" branch="false" />
                <line number="319" hits="1" branch="false" />
                <line number="320" hits="1" branch="false" />
                <line number="321" hits="1" branch="false" />
                <line number="322" hits="1" branch="false" />
                <line number="323" hits="1" branch="false" />
                <line number="324" hits="1" branch="false" />
                <line number="325" hits="1" branch="false" />
                <line number="326" hits="1" branch="false" />
                <line number="329" hits="1" branch="false" />
                <line number="332" hits="1" branch="false" />
                <line number="333" hits="1" branch="false" />
              </lines>
            </method>
            <method name="CalculateEstimate_UnknownPlantCategory_ThrowsArgumentException" signature="()" line-rate="1" branch-rate="1" complexity="1">
              <lines>
                <line number="337" hits="1" branch="false" />
                <line number="339" hits="1" branch="false" />
                <line number="340" hits="1" branch="false" />
                <line number="341" hits="1" branch="false" />
                <line number="342" hits="1" branch="false" />
                <line number="343" hits="1" branch="false" />
                <line number="344" hits="1" branch="false" />
                <line number="345" hits="1" branch="false" />
                <line number="346" hits="1" branch="false" />
                <line number="347" hits="1" branch="false" />
                <line number="348" hits="1" branch="false" />
                <line number="351" hits="1" branch="false" />
                <line number="352" hits="1" branch="false" />
              </lines>
            </method>
            <method name="CalculateEstimate_IrrigationRequired_CallsServiceAndUsesQuote" signature="()" line-rate="1" branch-rate="1" complexity="2">
              <lines>
                <line number="356" hits="1" branch="false" />
                <line number="358" hits="1" branch="false" />
                <line number="359" hits="1" branch="false" />
                <line number="360" hits="1" branch="false" />
                <line number="361" hits="1" branch="false" />
                <line number="362" hits="1" branch="false" />
                <line number="363" hits="1" branch="false" />
                <line number="364" hits="1" branch="false" />
                <line number="365" hits="1" branch="false" />
                <line number="366" hits="1" branch="false" />
                <line number="367" hits="1" branch="false" />
                <line number="368" hits="1" branch="false" />
                <line number="369" hits="1" branch="false" />
                <line number="370" hits="1" branch="false" />
                <line number="373" hits="1" branch="false" />
                <line number="376" hits="1" branch="false" />
                <line number="377" hits="1" branch="false" />
                <line number="378" hits="1" branch="false" />
                <line number="379" hits="1" branch="false" />
                <line number="380" hits="1" branch="true" condition-coverage="100% (2/2)" />
                <line number="381" hits="1" branch="false" />
              </lines>
            </method>
            <method name="CalculateEstimate_IrrigationNotRequired_ZeroIrrigationCost" signature="()" line-rate="1" branch-rate="1" complexity="2">
              <lines>
                <line number="385" hits="1" branch="false" />
                <line number="387" hits="1" branch="false" />
                <line number="388" hits="1" branch="false" />
                <line number="389" hits="1" branch="false" />
                <line number="390" hits="1" branch="false" />
                <line number="391" hits="1" branch="false" />
                <line number="392" hits="1" branch="false" />
                <line number="393" hits="1" branch="false" />
                <line number="394" hits="1" branch="false" />
                <line number="395" hits="1" branch="false" />
                <line number="396" hits="1" branch="false" />
                <line number="399" hits="1" branch="false" />
                <line number="402" hits="1" branch="false" />
                <line number="403" hits="1" branch="true" condition-coverage="100% (2/2)" />
                <line number="404" hits="1" branch="false" />
              </lines>
            </method>
            <method name="Constructor_NullIrrigationService_ThrowsArgumentNullException" signature="()" line-rate="1" branch-rate="1" complexity="1">
              <lines>
                <line number="407" hits="1" branch="false" />
                <line number="408" hits="1" branch="false" />
                <line number="409" hits="1" branch="false" />
                <line number="410" hits="1" branch="false" />
              </lines>
            </method>
            <method name="Constructor_NullPlantChecker_ThrowsArgumentNullException" signature="()" line-rate="1" branch-rate="1" complexity="1">
              <lines>
                <line number="414" hits="1" branch="false" />
                <line number="415" hits="1" branch="false" />
                <line number="416" hits="1" branch="false" />
                <line number="417" hits="1" branch="false" />
              </lines>
            </method>
            <method name="Constructor_NullClimateZoneService_ThrowsArgumentNullException" signature="()" line-rate="1" branch-rate="1" complexity="1">
              <lines>
                <line number="421" hits="1" branch="false" />
                <line number="422" hits="1" branch="false" />
                <line number="423" hits="1" branch="false" />
                <line number="424" hits="1" branch="false" />
              </lines>
            </method>
            <method name="CalculateEstimate_InvalidSoilComplexity_ThrowsArgumentException" signature="()" line-rate="1" branch-rate="1" complexity="1">
              <lines>
                <line number="428" hits="1" branch="false" />
                <line number="429" hits="1" branch="false" />
                <line number="430" hits="1" branch="false" />
                <line number="431" hits="1" branch="false" />
                <line number="432" hits="1" branch="false" />
                <line number="433" hits="1" branch="false" />
                <line number="434" hits="1" branch="false" />
                <line number="435" hits="1" branch="false" />
                <line number="436" hits="1" branch="false" />
                <line number="437" hits="1" branch="false" />
                <line number="438" hits="1" branch="false" />
                <line number="439" hits="1" branch="false" />
                <line number="440" hits="1" branch="false" />
              </lines>
            </method>
            <method name="CalculateEstimate_NullRequest_ThrowsArgumentNullException" signature="()" line-rate="1" branch-rate="1" complexity="1">
              <lines>
                <line number="444" hits="1" branch="false" />
                <line number="445" hits="1" branch="false" />
                <line number="446" hits="1" branch="false" />
              </lines>
            </method>
          </methods>
          <lines>
            <line number="19" hits="1" branch="false" />
            <line number="20" hits="1" branch="false" />
            <line number="21" hits="1" branch="false" />
            <line number="22" hits="1" branch="false" />
            <line number="23" hits="1" branch="false" />
            <line number="25" hits="1" branch="false" />
            <line number="26" hits="1" branch="false" />
            <line number="27" hits="1" branch="false" />
            <line number="28" hits="1" branch="false" />
            <line number="29" hits="1" branch="false" />
            <line number="33" hits="1" branch="false" />
            <line number="35" hits="1" branch="false" />
            <line number="36" hits="1" branch="false" />
            <line number="37" hits="1" branch="false" />
            <line number="38" hits="1" branch="false" />
            <line number="39" hits="1" branch="false" />
            <line number="40" hits="1" branch="false" />
            <line number="41" hits="1" branch="false" />
            <line number="42" hits="1" branch="false" />
            <line number="43" hits="1" branch="false" />
            <line number="44" hits="1" branch="false" />
            <line number="47" hits="1" branch="false" />
            <line number="50" hits="1" branch="false" />
            <line number="51" hits="1" branch="false" />
            <line number="52" hits="1" branch="false" />
            <line number="53" hits="1" branch="false" />
            <line number="54" hits="1" branch="false" />
            <line number="55" hits="1" branch="false" />
            <line number="63" hits="1" branch="false" />
            <line number="65" hits="1" branch="false" />
            <line number="66" hits="1" branch="false" />
            <line number="67" hits="1" branch="false" />
            <line number="68" hits="1" branch="false" />
            <line number="69" hits="1" branch="false" />
            <line number="70" hits="1" branch="false" />
            <line number="71" hits="1" branch="false" />
            <line number="72" hits="1" branch="false" />
            <line number="73" hits="1" branch="false" />
            <line number="74" hits="1" branch="false" />
            <line number="77" hits="1" branch="false" />
            <line number="80" hits="1" branch="false" />
            <line number="81" hits="1" branch="false" />
            <line number="87" hits="1" branch="false" />
            <line number="89" hits="1" branch="false" />
            <line number="90" hits="1" branch="false" />
            <line number="91" hits="1" branch="false" />
            <line number="92" hits="1" branch="false" />
            <line number="93" hits="1" branch="false" />
            <line number="94" hits="1" branch="false" />
            <line number="95" hits="1" branch="false" />
            <line number="96" hits="1" branch="false" />
            <line number="97" hits="1" branch="false" />
            <line number="98" hits="1" branch="false" />
            <line number="101" hits="1" branch="false" />
            <line number="102" hits="1" branch="false" />
            <line number="109" hits="1" branch="false" />
            <line number="111" hits="1" branch="false" />
            <line number="112" hits="1" branch="false" />
            <line number="113" hits="1" branch="false" />
            <line number="114" hits="1" branch="false" />
            <line number="115" hits="1" branch="false" />
            <line number="116" hits="1" branch="false" />
            <line number="117" hits="1" branch="false" />
            <line number="118" hits="1" branch="false" />
            <line number="119" hits="1" branch="false" />
            <line number="120" hits="1" branch="false" />
            <line number="123" hits="1" branch="false" />
            <line number="124" hits="1" branch="false" />
            <line number="131" hits="1" branch="false" />
            <line number="133" hits="1" branch="false" />
            <line number="134" hits="1" branch="false" />
            <line number="135" hits="1" branch="false" />
            <line number="136" hits="1" branch="false" />
            <line number="137" hits="1" branch="false" />
            <line number="138" hits="1" branch="false" />
            <line number="139" hits="1" branch="false" />
            <line number="140" hits="1" branch="false" />
            <line number="141" hits="1" branch="false" />
            <line number="142" hits="1" branch="false" />
            <line number="145" hits="1" branch="false" />
            <line number="146" hits="1" branch="false" />
            <line number="153" hits="1" branch="false" />
            <line number="155" hits="1" branch="false" />
            <line number="156" hits="1" branch="false" />
            <line number="157" hits="1" branch="false" />
            <line number="158" hits="1" branch="false" />
            <line number="159" hits="1" branch="false" />
            <line number="160" hits="1" branch="false" />
            <line number="161" hits="1" branch="false" />
            <line number="162" hits="1" branch="false" />
            <line number="163" hits="1" branch="false" />
            <line number="164" hits="1" branch="false" />
            <line number="167" hits="1" branch="false" />
            <line number="168" hits="1" branch="false" />
            <line number="172" hits="1" branch="false" />
            <line number="174" hits="1" branch="false" />
            <line number="175" hits="1" branch="false" />
            <line number="176" hits="1" branch="false" />
            <line number="177" hits="1" branch="false" />
            <line number="178" hits="1" branch="false" />
            <line number="179" hits="1" branch="false" />
            <line number="180" hits="1" branch="false" />
            <line number="181" hits="1" branch="false" />
            <line number="182" hits="1" branch="false" />
            <line number="183" hits="1" branch="false" />
            <line number="184" hits="1" branch="false" />
            <line number="187" hits="1" branch="false" />
            <line number="190" hits="1" branch="false" />
            <line number="191" hits="1" branch="false" />
            <line number="195" hits="1" branch="false" />
            <line number="197" hits="1" branch="false" />
            <line number="198" hits="1" branch="false" />
            <line number="199" hits="1" branch="false" />
            <line number="200" hits="1" branch="false" />
            <line number="201" hits="1" branch="false" />
            <line number="202" hits="1" branch="false" />
            <line number="203" hits="1" branch="false" />
            <line number="204" hits="1" branch="false" />
            <line number="205" hits="1" branch="false" />
            <line number="206" hits="1" branch="false" />
            <line number="207" hits="1" branch="false" />
            <line number="210" hits="1" branch="false" />
            <line number="213" hits="1" branch="false" />
            <line number="214" hits="1" branch="false" />
            <line number="218" hits="1" branch="false" />
            <line number="220" hits="1" branch="false" />
            <line number="221" hits="1" branch="false" />
            <line number="222" hits="1" branch="false" />
            <line number="223" hits="1" branch="false" />
            <line number="224" hits="1" branch="false" />
            <line number="225" hits="1" branch="false" />
            <line number="226" hits="1" branch="false" />
            <line number="227" hits="1" branch="false" />
            <line number="228" hits="1" branch="false" />
            <line number="229" hits="1" branch="false" />
            <line number="230" hits="1" branch="false" />
            <line number="231" hits="1" branch="false" />
            <line number="234" hits="1" branch="false" />
            <line number="237" hits="1" branch="false" />
            <line number="238" hits="1" branch="false" />
            <line number="239" hits="1" branch="false" />
            <line number="243" hits="1" branch="false" />
            <line number="245" hits="1" branch="false" />
            <line number="246" hits="1" branch="false" />
            <line number="247" hits="1" branch="false" />
            <line number="248" hits="1" branch="false" />
            <line number="249" hits="1" branch="false" />
            <line number="250" hits="1" branch="false" />
            <line number="251" hits="1" branch="false" />
            <line number="252" hits="1" branch="false" />
            <line number="253" hits="1" branch="false" />
            <line number="254" hits="1" branch="false" />
            <line number="255" hits="1" branch="false" />
            <line number="256" hits="1" branch="false" />
            <line number="259" hits="1" branch="false" />
            <line number="262" hits="1" branch="false" />
            <line number="263" hits="1" branch="false" />
            <line number="264" hits="1" branch="false" />
            <line number="268" hits="1" branch="false" />
            <line number="270" hits="1" branch="false" />
            <line number="271" hits="1" branch="false" />
            <line number="272" hits="1" branch="false" />
            <line number="273" hits="1" branch="false" />
            <line number="274" hits="1" branch="false" />
            <line number="275" hits="1" branch="false" />
            <line number="276" hits="1" branch="false" />
            <line number="277" hits="1" branch="false" />
            <line number="278" hits="1" branch="false" />
            <line number="279" hits="1" branch="false" />
            <line number="280" hits="1" branch="false" />
            <line number="281" hits="1" branch="false" />
            <line number="284" hits="1" branch="false" />
            <line number="287" hits="1" branch="false" />
            <line number="288" hits="1" branch="false" />
            <line number="289" hits="1" branch="false" />
            <line number="293" hits="1" branch="false" />
            <line number="295" hits="1" branch="false" />
            <line number="296" hits="1" branch="false" />
            <line number="297" hits="1" branch="false" />
            <line number="298" hits="1" branch="false" />
            <line number="299" hits="1" branch="false" />
            <line number="300" hits="1" branch="false" />
            <line number="301" hits="1" branch="false" />
            <line number="302" hits="1" branch="false" />
            <line number="303" hits="1" branch="false" />
            <line number="304" hits="1" branch="false" />
            <line number="307" hits="1" branch="false" />
            <line number="310" hits="1" branch="false" />
            <line number="311" hits="1" branch="false" />
            <line number="315" hits="1" branch="false" />
            <line number="317" hits="1" branch="false" />
            <line number="318" hits="1" branch="false" />
            <line number="319" hits="1" branch="false" />
            <line number="320" hits="1" branch="false" />
            <line number="321" hits="1" branch="false" />
            <line number="322" hits="1" branch="false" />
            <line number="323" hits="1" branch="false" />
            <line number="324" hits="1" branch="false" />
            <line number="325" hits="1" branch="false" />
            <line number="326" hits="1" branch="false" />
            <line number="329" hits="1" branch="false" />
            <line number="332" hits="1" branch="false" />
            <line number="333" hits="1" branch="false" />
            <line number="337" hits="1" branch="false" />
            <line number="339" hits="1" branch="false" />
            <line number="340" hits="1" branch="false" />
            <line number="341" hits="1" branch="false" />
            <line number="342" hits="1" branch="false" />
            <line number="343" hits="1" branch="false" />
            <line number="344" hits="1" branch="false" />
            <line number="345" hits="1" branch="false" />
            <line number="346" hits="1" branch="false" />
            <line number="347" hits="1" branch="false" />
            <line number="348" hits="1" branch="false" />
            <line number="351" hits="1" branch="false" />
            <line number="352" hits="1" branch="false" />
            <line number="356" hits="1" branch="false" />
            <line number="358" hits="1" branch="false" />
            <line number="359" hits="1" branch="false" />
            <line number="360" hits="1" branch="false" />
            <line number="361" hits="1" branch="false" />
            <line number="362" hits="1" branch="false" />
            <line number="363" hits="1" branch="false" />
            <line number="364" hits="1" branch="false" />
            <line number="365" hits="1" branch="false" />
            <line number="366" hits="1" branch="false" />
            <line number="367" hits="1" branch="false" />
            <line number="368" hits="1" branch="false" />
            <line number="369" hits="1" branch="false" />
            <line number="370" hits="1" branch="false" />
            <line number="373" hits="1" branch="false" />
            <line number="376" hits="1" branch="false" />
            <line number="377" hits="1" branch="false" />
            <line number="378" hits="1" branch="false" />
            <line number="379" hits="1" branch="false" />
            <line number="380" hits="1" branch="true" condition-coverage="100% (2/2)" />
            <line number="381" hits="1" branch="false" />
            <line number="385" hits="1" branch="false" />
            <line number="387" hits="1" branch="false" />
            <line number="388" hits="1" branch="false" />
            <line number="389" hits="1" branch="false" />
            <line number="390" hits="1" branch="false" />
            <line number="391" hits="1" branch="false" />
            <line number="392" hits="1" branch="false" />
            <line number="393" hits="1" branch="false" />
            <line number="394" hits="1" branch="false" />
            <line number="395" hits="1" branch="false" />
            <line number="396" hits="1" branch="false" />
            <line number="399" hits="1" branch="false" />
            <line number="402" hits="1" branch="false" />
            <line number="403" hits="1" branch="true" condition-coverage="100% (2/2)" />
            <line number="404" hits="1" branch="false" />
            <line number="407" hits="1" branch="false" />
            <line number="408" hits="1" branch="false" />
            <line number="409" hits="1" branch="false" />
            <line number="410" hits="1" branch="false" />
            <line number="414" hits="1" branch="false" />
            <line number="415" hits="1" branch="false" />
            <line number="416" hits="1" branch="false" />
            <line number="417" hits="1" branch="false" />
            <line number="421" hits="1" branch="false" />
            <line number="422" hits="1" branch="false" />
            <line number="423" hits="1" branch="false" />
            <line number="424" hits="1" branch="false" />
            <line number="428" hits="1" branch="false" />
            <line number="429" hits="1" branch="false" />
            <line number="430" hits="1" branch="false" />
            <line number="431" hits="1" branch="false" />
            <line number="432" hits="1" branch="false" />
            <line number="433" hits="1" branch="false" />
            <line number="434" hits="1" branch="false" />
            <line number="435" hits="1" branch="false" />
            <line number="436" hits="1" branch="false" />
            <line number="437" hits="1" branch="false" />
            <line number="438" hits="1" branch="false" />
            <line number="439" hits="1" branch="false" />
            <line number="440" hits="1" branch="false" />
            <line number="444" hits="1" branch="false" />
            <line number="445" hits="1" branch="false" />
            <line number="446" hits="1" branch="false" />
          </lines>
        </class>
      </classes>
    </package>
  </packages>
</coverage>